<?xml version="1.0" encoding="UTF-8"?>
<!-- Generated by org.testng.reporters.JUnitReportReporter -->
<testsuite hostname="DESKTOP-8G7EKM6" failures="0" tests="4" name="test.TC_001_SignUpTest" time="58.015" errors="0" timestamp="2024-07-19T18:55:12 IST" skipped="0">
  <testcase classname="test.TC_001_SignUpTest" name="SignUpLinkClick" time="14.026"/>
  <testcase classname="test.TC_001_SignUpTest" name="SignUpLinkClick" time="13.926"/>
  <testcase classname="test.TC_001_SignUpTest" name="SignUpLinkClick" time="16.342"/>
  <testcase classname="test.TC_001_SignUpTest" name="SignUpLinkClick" time="13.721"/>
</testsuite> <!-- test.TC_001_SignUpTest -->
