<?xml version="1.0" encoding="UTF-8"?>
<!-- Generated by org.testng.reporters.JUnitReportReporter -->
<testsuite hostname="DESKTOP-8G7EKM6" failures="0" tests="4" name="test.TC002_LoginTest" time="48.666" errors="0" timestamp="2024-07-19T18:55:12 IST" skipped="0">
  <testcase classname="test.TC002_LoginTest" name="Login" time="12.005"/>
  <testcase classname="test.TC002_LoginTest" name="Login" time="12.226"/>
  <testcase classname="test.TC002_LoginTest" name="Login" time="12.497"/>
  <testcase classname="test.TC002_LoginTest" name="Login" time="11.938"/>
</testsuite> <!-- test.TC002_LoginTest -->
