<?xml version="1.0" encoding="UTF-8"?>
<!-- Generated by org.testng.reporters.JUnitReportReporter -->
<testsuite hostname="DESKTOP-8G7EKM6" failures="0" tests="4" name="test.TC002_LoginTest" time="52.206" errors="0" timestamp="2024-07-22T13:22:13 IST" skipped="0">
  <testcase classname="test.TC002_LoginTest" name="Login" time="12.147"/>
  <testcase classname="test.TC002_LoginTest" name="Login" time="13.352"/>
  <testcase classname="test.TC002_LoginTest" name="Login" time="12.505"/>
  <testcase classname="test.TC002_LoginTest" name="Login" time="14.202"/>
</testsuite> <!-- test.TC002_LoginTest -->
