<?xml version="1.0" encoding="UTF-8"?>
<!-- Generated by org.testng.reporters.JUnitReportReporter -->
<testsuite hostname="DESKTOP-8G7EKM6" failures="0" tests="4" name="test.TC_001_SignUpTest" time="62.427" errors="0" timestamp="2024-07-22T13:22:13 IST" skipped="0">
  <testcase classname="test.TC_001_SignUpTest" name="SignUpLinkClick" time="15.492"/>
  <testcase classname="test.TC_001_SignUpTest" name="SignUpLinkClick" time="14.134"/>
  <testcase classname="test.TC_001_SignUpTest" name="SignUpLinkClick" time="15.477"/>
  <testcase classname="test.TC_001_SignUpTest" name="SignUpLinkClick" time="17.324"/>
</testsuite> <!-- test.TC_001_SignUpTest -->
